<?xml version="1.0" encoding="UTF-8"?>
<!-- Generated by org.testng.reporters.JUnitXMLReporter -->
<testsuite ignored="1" hostname="DESKTOP-635BP1H" failures="0" tests="6" name="Car Loan" time="0.193" errors="0" timestamp="2024-08-23T18:37:13 IST">
  <testcase classname="test.day2" name="MobileCarLoan" time="0.058"/>
  <testcase classname="test.day2" name="MobileSignInCarLoan" time="0.008"/>
  <testcase classname="test.day2" name="MobileSignOutCarLoan" time="0.003"/>
  <testcase classname="test.day2" name="MobileSignOutCarLoan" time="0.003"/>
  <testcase classname="test.day2" name="MobileSignOutCarLoan" time="0.006"/>
  <testcase classname="test.day2" name="WebCarLoan" time="0.005"/>
  <testcase classname="test.day2" name="APICarLoan" time="0.0">
    <ignored/>
  </testcase> <!-- APICarLoan -->
</testsuite> <!-- Car Loan -->
