<?xml version="1.0" encoding="UTF-8"?>
<!-- Generated by org.testng.reporters.JUnitXMLReporter -->
<testsuite ignored="3" hostname="DESKTOP-635BP1H" failures="0" tests="7" name="Regression" time="0.074" errors="0" timestamp="2024-08-22T19:58:25 IST">
  <testcase classname="test.day1" name="SecondTest" time="0.01"/>
  <testcase classname="test.day2" name="APICarLoan" time="0.002"/>
  <testcase classname="test.day2" name="MobileCarLoan" time="0.001"/>
  <testcase classname="test.day2" name="MobileSignInCarLoan" time="0.002"/>
  <testcase classname="test.day2" name="MobileSignOutCarLoan" time="0.002"/>
  <testcase classname="test.day3" name="APIHomeLoan" time="0.001"/>
  <testcase classname="test.day3" name="MobileHomeLoan" time="0.001"/>
  <testcase classname="test.day3" name="WebHomeLoan" time="0.0">
    <ignored/>
  </testcase> <!-- WebHomeLoan -->
  <testcase classname="test.day2" name="WebCarLoan" time="0.0">
    <ignored/>
  </testcase> <!-- WebCarLoan -->
  <testcase classname="test.day1" name="Demo" time="0.0">
    <ignored/>
  </testcase> <!-- Demo -->
</testsuite> <!-- Regression -->
