<?xml version="1.0" encoding="UTF-8"?>
<testng-results ignored="0" total="1" passed="1" failed="0" skipped="0">
  <reporter-output>
  </reporter-output>
  <suite started-at="2024-08-23T20:06:06 IST" name="Default suite" finished-at="2024-08-23T20:06:06 IST" duration-ms="89">
    <groups>
    </groups>
    <test started-at="2024-08-23T20:06:06 IST" name="Default test" finished-at="2024-08-23T20:06:06 IST" duration-ms="89">
      <class name="test.PS1">
        <test-method is-config="true" signature="beforeRun()[pri:0, instance:test.PS1@4c9f8c13]" started-at="2024-08-23T20:06:06 IST" name="beforeRun" finished-at="2024-08-23T20:06:06 IST" duration-ms="11" status="PASS">
          <reporter-output>
          </reporter-output>
        </test-method> <!-- beforeRun -->
        <test-method signature="testRun()[pri:0, instance:test.PS1@4c9f8c13]" started-at="2024-08-23T20:06:06 IST" name="testRun" finished-at="2024-08-23T20:06:06 IST" duration-ms="12" status="PASS">
          <reporter-output>
          </reporter-output>
        </test-method> <!-- testRun -->
        <test-method is-config="true" signature="afterRun()[pri:0, instance:test.PS1@4c9f8c13]" started-at="2024-08-23T20:06:06 IST" name="afterRun" finished-at="2024-08-23T20:06:06 IST" duration-ms="2" status="PASS">
          <reporter-output>
          </reporter-output>
        </test-method> <!-- afterRun -->
      </class> <!-- test.PS1 -->
    </test> <!-- Default test -->
  </suite> <!-- Default suite -->
</testng-results>
